# JRE version: Java(TM) SE Runtime Environment (8.0_121-b13) (build 1.8.0_121-b13)
# Java VM: Java HotSpot(TM) 64-Bit Server VM (25.121-b13 mixed mode windows-amd64 compressed oops)
Heap:
 PSYoungGen      total 119296K, used 36956K [0x00000000eb580000, 0x00000000f3480000, 0x0000000100000000)
  eden space 112640K, 29% used [0x00000000eb580000,0x00000000ed567d38,0x00000000f2380000)
  from space 6656K, 64% used [0x00000000f2e00000,0x00000000f322f400,0x00000000f3480000)
  to   space 8704K, 0% used [0x00000000f2380000,0x00000000f2380000,0x00000000f2c00000)
 ParOldGen       total 36352K, used 11845K [0x00000000c2000000, 0x00000000c4380000, 0x00000000eb580000)
  object space 36352K, 32% used [0x00000000c2000000,0x00000000c2b91728,0x00000000c4380000)
 Metaspace       used 26331K, capacity 26810K, committed 27008K, reserved 1077248K
  class space    used 3281K, capacity 3403K, committed 3456K, reserved 1048576K
GC Heap History (10 events):
Event: 7.511 GC heap before
{Heap before GC invocations=5 (full 0):
 PSYoungGen      total 34304K, used 34285K [0x00000000eb580000, 0x00000000ed980000, 0x0000000100000000)
  eden space 31744K, 100% used [0x00000000eb580000,0x00000000ed480000,0x00000000ed480000)
  from space 2560K, 99% used [0x00000000ed700000,0x00000000ed97b5b8,0x00000000ed980000)
  to   space 2560K, 0% used [0x00000000ed480000,0x00000000ed480000,0x00000000ed700000)
 ParOldGen       total 42496K, used 3499K [0x00000000c2000000, 0x00000000c4980000, 0x00000000eb580000)
  object space 42496K, 8% used [0x00000000c2000000,0x00000000c236adc8,0x00000000c4980000)
 Metaspace       used 16459K, capacity 16752K, committed 17024K, reserved 1064960K
  class space    used 2064K, capacity 2149K, committed 2176K, reserved 1048576K
Event: 7.525 GC heap after
Heap after GC invocations=5 (full 0):
 PSYoungGen      total 34304K, used 2541K [0x00000000eb580000, 0x00000000f0480000, 0x0000000100000000)
  eden space 31744K, 0% used [0x00000000eb580000,0x00000000eb580000,0x00000000ed480000)
  from space 2560K, 99% used [0x00000000ed480000,0x00000000ed6fb5b8,0x00000000ed700000)
  to   space 8704K, 0% used [0x00000000efc00000,0x00000000efc00000,0x00000000f0480000)
 ParOldGen       total 42496K, used 10892K [0x00000000c2000000, 0x00000000c4980000, 0x00000000eb580000)
  object space 42496K, 25% used [0x00000000c2000000,0x00000000c2aa32d0,0x00000000c4980000)
 Metaspace       used 16459K, capacity 16752K, committed 17024K, reserved 1064960K
  class space    used 2064K, capacity 2149K, committed 2176K, reserved 1048576K
}
Event: 8.098 GC heap before
{Heap before GC invocations=6 (full 0):
 PSYoungGen      total 34304K, used 33025K [0x00000000eb580000, 0x00000000f0480000, 0x0000000100000000)
  eden space 31744K, 96% used [0x00000000eb580000,0x00000000ed345140,0x00000000ed480000)
  from space 2560K, 99% used [0x00000000ed480000,0x00000000ed6fb5b8,0x00000000ed700000)
  to   space 8704K, 0% used [0x00000000efc00000,0x00000000efc00000,0x00000000f0480000)
 ParOldGen       total 42496K, used 10892K [0x00000000c2000000, 0x00000000c4980000, 0x00000000eb580000)
  object space 42496K, 25% used [0x00000000c2000000,0x00000000c2aa32d0,0x00000000c4980000)
 Metaspace       used 20951K, capacity 21174K, committed 21296K, reserved 1069056K
  class space    used 2595K, capacity 2662K, committed 2688K, reserved 1048576K
Event: 8.106 GC heap after
Heap after GC invocations=6 (full 0):
 PSYoungGen      total 71168K, used 7078K [0x00000000eb580000, 0x00000000f0680000, 0x0000000100000000)
  eden space 62464K, 0% used [0x00000000eb580000,0x00000000eb580000,0x00000000ef280000)
  from space 8704K, 81% used [0x00000000efc00000,0x00000000f02e9a40,0x00000000f0480000)
  to   space 9728K, 0% used [0x00000000ef280000,0x00000000ef280000,0x00000000efc00000)
 ParOldGen       total 42496K, used 10964K [0x00000000c2000000, 0x00000000c4980000, 0x00000000eb580000)
  object space 42496K, 25% used [0x00000000c2000000,0x00000000c2ab52e0,0x00000000c4980000)
 Metaspace       used 20951K, capacity 21174K, committed 21296K, reserved 1069056K
  class space    used 2595K, capacity 2662K, committed 2688K, reserved 1048576K
}
Event: 8.106 GC heap before
{Heap before GC invocations=7 (full 1):
 PSYoungGen      total 71168K, used 7078K [0x00000000eb580000, 0x00000000f0680000, 0x0000000100000000)
  eden space 62464K, 0% used [0x00000000eb580000,0x00000000eb580000,0x00000000ef280000)
  from space 8704K, 81% used [0x00000000efc00000,0x00000000f02e9a40,0x00000000f0480000)
  to   space 9728K, 0% used [0x00000000ef280000,0x00000000ef280000,0x00000000efc00000)
 ParOldGen       total 42496K, used 10964K [0x00000000c2000000, 0x00000000c4980000, 0x00000000eb580000)
  object space 42496K, 25% used [0x00000000c2000000,0x00000000c2ab52e0,0x00000000c4980000)
 Metaspace       used 20951K, capacity 21174K, committed 21296K, reserved 1069056K
  class space    used 2595K, capacity 2662K, committed 2688K, reserved 1048576K
Event: 8.148 GC heap after
Heap after GC invocations=7 (full 1):
 PSYoungGen      total 71168K, used 0K [0x00000000eb580000, 0x00000000f0680000, 0x0000000100000000)
  eden space 62464K, 0% used [0x00000000eb580000,0x00000000eb580000,0x00000000ef280000)
  from space 8704K, 0% used [0x00000000efc00000,0x00000000efc00000,0x00000000f0480000)
  to   space 9728K, 0% used [0x00000000ef280000,0x00000000ef280000,0x00000000efc00000)
 ParOldGen       total 36352K, used 11829K [0x00000000c2000000, 0x00000000c4380000, 0x00000000eb580000)
  object space 36352K, 32% used [0x00000000c2000000,0x00000000c2b8d728,0x00000000c4380000)
 Metaspace       used 20951K, capacity 21174K, committed 21296K, reserved 1069056K
  class space    used 2595K, capacity 2662K, committed 2688K, reserved 1048576K
}
Event: 9.317 GC heap before
{Heap before GC invocations=8 (full 1):
 PSYoungGen      total 71168K, used 62464K [0x00000000eb580000, 0x00000000f0680000, 0x0000000100000000)
  eden space 62464K, 100% used [0x00000000eb580000,0x00000000ef280000,0x00000000ef280000)
  from space 8704K, 0% used [0x00000000efc00000,0x00000000efc00000,0x00000000f0480000)
  to   space 9728K, 0% used [0x00000000ef280000,0x00000000ef280000,0x00000000efc00000)
 ParOldGen       total 36352K, used 11829K [0x00000000c2000000, 0x00000000c4380000, 0x00000000eb580000)
  object space 36352K, 32% used [0x00000000c2000000,0x00000000c2b8d728,0x00000000c4380000)
 Metaspace       used 23824K, capacity 24262K, committed 24576K, reserved 1071104K
  class space    used 2919K, capacity 3036K, committed 3072K, reserved 1048576K
Event: 9.324 GC heap after
Heap after GC invocations=8 (full 1):
 PSYoungGen      total 72192K, used 4619K [0x00000000eb580000, 0x00000000f3700000, 0x0000000100000000)
  eden space 62464K, 0% used [0x00000000eb580000,0x00000000eb580000,0x00000000ef280000)
  from space 9728K, 47% used [0x00000000ef280000,0x00000000ef702ed0,0x00000000efc00000)
  to   space 9216K, 0% used [0x00000000f2e00000,0x00000000f2e00000,0x00000000f3700000)
 ParOldGen       total 36352K, used 11837K [0x00000000c2000000, 0x00000000c4380000, 0x00000000eb580000)
  object space 36352K, 32% used [0x00000000c2000000,0x00000000c2b8f728,0x00000000c4380000)
 Metaspace       used 23824K, capacity 24262K, committed 24576K, reserved 1071104K
  class space    used 2919K, capacity 3036K, committed 3072K, reserved 1048576K
}
Event: 10.184 GC heap before
{Heap before GC invocations=9 (full 1):
 PSYoungGen      total 72192K, used 67083K [0x00000000eb580000, 0x00000000f3700000, 0x0000000100000000)
  eden space 62464K, 100% used [0x00000000eb580000,0x00000000ef280000,0x00000000ef280000)
  from space 9728K, 47% used [0x00000000ef280000,0x00000000ef702ed0,0x00000000efc00000)
  to   space 9216K, 0% used [0x00000000f2e00000,0x00000000f2e00000,0x00000000f3700000)
 ParOldGen       total 36352K, used 11837K [0x00000000c2000000, 0x00000000c4380000, 0x00000000eb580000)
  object space 36352K, 32% used [0x00000000c2000000,0x00000000c2b8f728,0x00000000c4380000)
 Metaspace       used 24620K, capacity 25040K, committed 25216K, reserved 1071104K
  class space    used 3024K, capacity 3139K, committed 3200K, reserved 1048576K
Event: 10.191 GC heap after
Heap after GC invocations=9 (full 1):
 PSYoungGen      total 119296K, used 4285K [0x00000000eb580000, 0x00000000f3480000, 0x0000000100000000)
  eden space 112640K, 0% used [0x00000000eb580000,0x00000000eb580000,0x00000000f2380000)
  from space 6656K, 64% used [0x00000000f2e00000,0x00000000f322f400,0x00000000f3480000)
  to   space 8704K, 0% used [0x00000000f2380000,0x00000000f2380000,0x00000000f2c00000)
 ParOldGen       total 36352K, used 11845K [0x00000000c2000000, 0x00000000c4380000, 0x00000000eb580000)
  object space 36352K, 32% used [0x00000000c2000000,0x00000000c2b91728,0x00000000c4380000)
 Metaspace       used 24620K, capacity 25040K, committed 25216K, reserved 1071104K
  class space    used 3024K, capacity 3139K, committed 3200K, reserved 1048576K
}

